<?xml version="1.0" encoding="UTF-8"?>
<!-- Generated by org.testng.reporters.JUnitReportReporter -->
<testsuite hostname="e404236" failures="0" tests="5" name="com.testNG.DataProviderMethod" time="23.978" errors="0" timestamp="2025-07-25T23:55:09 IST" skipped="0">
  <testcase classname="com.testNG.DataProviderMethod" name="facebook" time="3.599"/>
  <testcase classname="com.testNG.DataProviderMethod" name="facebook" time="8.838"/>
  <testcase classname="com.testNG.DataProviderMethod" name="facebook" time="3.664"/>
  <testcase classname="com.testNG.DataProviderMethod" name="facebook" time="4.225"/>
  <testcase classname="com.testNG.DataProviderMethod" name="facebook" time="3.652"/>
</testsuite> <!-- com.testNG.DataProviderMethod -->
