<?xml version="1.0" encoding="UTF-8"?>
<!-- Generated by org.testng.reporters.JUnitReportReporter -->
<testsuite hostname="e404236" failures="0" tests="3" name="com.testNG.SimpleAnnotations" time="0.020" errors="0" timestamp="2025-07-22T09:16:58 IST" skipped="0">
  <testcase classname="com.testNG.SimpleAnnotations" name="mensProduct" time="0.005"/>
  <testcase classname="com.testNG.SimpleAnnotations" name="kidsProduct" time="0.010"/>
  <testcase classname="com.testNG.SimpleAnnotations" name="womensProduct" time="0.005"/>
</testsuite> <!-- com.testNG.SimpleAnnotations -->
