<?xml version="1.0" encoding="UTF-8"?>
<!-- Generated by org.testng.reporters.JUnitReportReporter -->
<testsuite hostname="e404236" failures="0" tests="5" name="com.testNG.DependsOnMethod" time="0.044" errors="0" timestamp="2025-07-23T23:23:20 IST" skipped="0">
  <testcase classname="com.testNG.DependsOnMethod" name="login" time="0.016"/>
  <testcase classname="com.testNG.DependsOnMethod" name="kidsproduct" time="0.002"/>
  <testcase classname="com.testNG.DependsOnMethod" name="mensproduct" time="0.014"/>
  <testcase classname="com.testNG.DependsOnMethod" name="womensproduct" time="0.005"/>
  <testcase classname="com.testNG.DependsOnMethod" name="watchproduct" time="0.007"/>
</testsuite> <!-- com.testNG.DependsOnMethod -->
