<?xml version="1.0" encoding="UTF-8"?>
<!-- Generated by org.testng.reporters.JUnitReportReporter -->
<testsuite hostname="e404236" failures="0" tests="1" name="com.testNG.AssertMethod" time="9.688" errors="0" timestamp="2025-07-24T01:02:23 IST" skipped="0">
  <testcase classname="com.testNG.AssertMethod" name="facebook" time="9.688"/>
</testsuite> <!-- com.testNG.AssertMethod -->
