<?xml version="1.0" encoding="UTF-8"?>
<!-- Generated by org.testng.reporters.JUnitReportReporter -->
<testsuite hostname="e404236" failures="0" tests="3" name="com.testNG.CrossBrowser" time="213.387" errors="0" timestamp="2025-07-22T20:51:46 IST" skipped="1">
  <testcase classname="com.testNG.CrossBrowser" name="firefoxBrowser" time="80.884"/>
  <testcase classname="com.testNG.CrossBrowser" name="chromeBrowser" time="132.503"/>
  <testcase classname="com.testNG.CrossBrowser" name="edgeBrowser">
    <skipped/>
  </testcase> <!-- edgeBrowser -->
</testsuite> <!-- com.testNG.CrossBrowser -->
