<?xml version="1.0" encoding="UTF-8"?>
<!-- Generated by org.testng.reporters.JUnitReportReporter -->
<testsuite hostname="e404236" failures="0" tests="1" name="com.testNG.ParameterizeMethods" time="6.106" errors="0" timestamp="2025-07-26T00:14:54 IST" skipped="0">
  <testcase classname="com.testNG.ParameterizeMethods" name="facebook" time="6.106"/>
</testsuite> <!-- com.testNG.ParameterizeMethods -->
