<?xml version="1.0" encoding="UTF-8"?>
<!-- Generated by org.testng.reporters.JUnitReportReporter -->
<testsuite hostname="e404236" failures="0" tests="10" name="com.testNG.InvocationCountTesting" time="40.264" errors="0" timestamp="2025-07-26T00:28:39 IST" skipped="0">
  <testcase classname="com.testNG.InvocationCountTesting" name="facebook" time="3.971"/>
  <testcase classname="com.testNG.InvocationCountTesting" name="facebook" time="3.929"/>
  <testcase classname="com.testNG.InvocationCountTesting" name="facebook" time="3.637"/>
  <testcase classname="com.testNG.InvocationCountTesting" name="facebook" time="3.590"/>
  <testcase classname="com.testNG.InvocationCountTesting" name="facebook" time="3.532"/>
  <testcase classname="com.testNG.InvocationCountTesting" name="facebook" time="3.745"/>
  <testcase classname="com.testNG.InvocationCountTesting" name="facebook" time="3.785"/>
  <testcase classname="com.testNG.InvocationCountTesting" name="facebook" time="3.966"/>
  <testcase classname="com.testNG.InvocationCountTesting" name="facebook" time="3.725"/>
  <testcase classname="com.testNG.InvocationCountTesting" name="facebook" time="6.384"/>
</testsuite> <!-- com.testNG.InvocationCountTesting -->
