<?xml version="1.0" encoding="UTF-8"?>
<!-- Generated by org.testng.reporters.JUnitReportReporter -->
<testsuite hostname="e404236" failures="0" tests="6" name="com.testNG.GroupsTesting" time="0.070" errors="0" timestamp="2025-07-24T00:18:45 IST" skipped="0">
  <testcase classname="com.testNG.GroupsTesting" name="chickenBriyani" time="0.034"/>
  <testcase classname="com.testNG.GroupsTesting" name="samsungMobiles" time="0.004"/>
  <testcase classname="com.testNG.GroupsTesting" name="iphoneMobiles" time="0.005"/>
  <testcase classname="com.testNG.GroupsTesting" name="vegBriyani" time="0.007"/>
  <testcase classname="com.testNG.GroupsTesting" name="gopiBriyani" time="0.007"/>
  <testcase classname="com.testNG.GroupsTesting" name="muttonBriyani" time="0.013"/>
</testsuite> <!-- com.testNG.GroupsTesting -->
