<?xml version="1.0" encoding="UTF-8"?>
<!-- Generated by org.testng.reporters.JUnitReportReporter -->
<testsuite hostname="e404236" failures="0" tests="4" name="com.testNG.PriorityTesting" time="0.023" errors="0" timestamp="2025-07-23T22:34:34 IST" skipped="0">
  <testcase classname="com.testNG.PriorityTesting" name="watchProduct" time="0.011"/>
  <testcase classname="com.testNG.PriorityTesting" name="WomensProduct" time="0.003"/>
  <testcase classname="com.testNG.PriorityTesting" name="mensProduct" time="0.006"/>
  <testcase classname="com.testNG.PriorityTesting" name="kidsProduct" time="0.003"/>
</testsuite> <!-- com.testNG.PriorityTesting -->
